D, [2019-08-12T12:33:51.632704 #71235] DEBUG -- :   [1m[35m (2.1ms)[0m  [1m[34mSELECT sqlite_version(*)[0m
D, [2019-08-12T12:33:51.634834 #71235] DEBUG -- :   [1m[35m (1.8ms)[0m  [1m[35mCREATE TABLE "schema_migrations" ("version" varchar NOT NULL PRIMARY KEY)[0m
D, [2019-08-12T12:33:51.639592 #71235] DEBUG -- :   [1m[35m (1.9ms)[0m  [1m[35mCREATE TABLE "ar_internal_metadata" ("key" varchar NOT NULL PRIMARY KEY, "value" varchar, "created_at" datetime NOT NULL, "updated_at" datetime NOT NULL)[0m
D, [2019-08-12T12:33:51.644593 #71235] DEBUG -- :   [1m[35m (0.1ms)[0m  [1m[34mSELECT "schema_migrations"."version" FROM "schema_migrations" ORDER BY "schema_migrations"."version" ASC[0m
I, [2019-08-12T12:33:51.644691 #71235]  INFO -- : Migrating to CreateUsers (20190806204454)
D, [2019-08-12T12:33:51.648157 #71235] DEBUG -- :   [1m[35m (0.1ms)[0m  [1m[36mbegin transaction[0m
D, [2019-08-12T12:33:51.649115 #71235] DEBUG -- :   [1m[35m (0.4ms)[0m  [1m[35mCREATE TABLE "users" ("id" integer PRIMARY KEY AUTOINCREMENT NOT NULL, "username" varchar NOT NULL, "password_digest" varchar NOT NULL, "created_at" datetime NOT NULL, "updated_at" datetime NOT NULL)[0m
D, [2019-08-12T12:33:51.650957 #71235] DEBUG -- :   [1m[36mActiveRecord::SchemaMigration Create (0.1ms)[0m  [1m[32mINSERT INTO "schema_migrations" ("version") VALUES (?)[0m  [["version", "20190806204454"]]
D, [2019-08-12T12:33:51.652394 #71235] DEBUG -- :   [1m[35m (1.3ms)[0m  [1m[36mcommit transaction[0m
I, [2019-08-12T12:33:51.652498 #71235]  INFO -- : Migrating to CreateAnswers (20190806212803)
D, [2019-08-12T12:33:51.654243 #71235] DEBUG -- :   [1m[35m (0.1ms)[0m  [1m[36mbegin transaction[0m
D, [2019-08-12T12:33:51.655384 #71235] DEBUG -- :   [1m[35m (0.4ms)[0m  [1m[35mCREATE TABLE "answers" ("id" integer PRIMARY KEY AUTOINCREMENT NOT NULL, "accepted_answer_id" integer NOT NULL, "title" varchar NOT NULL, "post_link" varchar NOT NULL, "created_at" datetime NOT NULL, "updated_at" datetime NOT NULL)[0m
D, [2019-08-12T12:33:51.656003 #71235] DEBUG -- :   [1m[36mActiveRecord::SchemaMigration Create (0.1ms)[0m  [1m[32mINSERT INTO "schema_migrations" ("version") VALUES (?)[0m  [["version", "20190806212803"]]
D, [2019-08-12T12:33:51.657000 #71235] DEBUG -- :   [1m[35m (0.9ms)[0m  [1m[36mcommit transaction[0m
I, [2019-08-12T12:33:51.657056 #71235]  INFO -- : Migrating to CreateSearches (20190806215353)
D, [2019-08-12T12:33:51.657703 #71235] DEBUG -- :   [1m[35m (0.0ms)[0m  [1m[36mbegin transaction[0m
D, [2019-08-12T12:33:51.658803 #71235] DEBUG -- :   [1m[35m (0.4ms)[0m  [1m[35mCREATE TABLE "searches" ("id" integer PRIMARY KEY AUTOINCREMENT NOT NULL, "user_id" integer, "answer_id" integer, "tags" varchar NOT NULL, "created_at" datetime NOT NULL, "updated_at" datetime NOT NULL, CONSTRAINT "fk_rails_e192b86393"
FOREIGN KEY ("user_id")
  REFERENCES "users" ("id")
, CONSTRAINT "fk_rails_f1cb5c4bfc"
FOREIGN KEY ("answer_id")
  REFERENCES "answers" ("id")
)[0m
D, [2019-08-12T12:33:51.659264 #71235] DEBUG -- :   [1m[35m (0.1ms)[0m  [1m[35mCREATE  INDEX "index_searches_on_user_id" ON "searches" ("user_id")[0m
D, [2019-08-12T12:33:51.660048 #71235] DEBUG -- :   [1m[35m (0.1ms)[0m  [1m[35mCREATE  INDEX "index_searches_on_answer_id" ON "searches" ("answer_id")[0m
D, [2019-08-12T12:33:51.660897 #71235] DEBUG -- :   [1m[36mActiveRecord::SchemaMigration Create (0.2ms)[0m  [1m[32mINSERT INTO "schema_migrations" ("version") VALUES (?)[0m  [["version", "20190806215353"]]
D, [2019-08-12T12:33:51.661767 #71235] DEBUG -- :   [1m[35m (0.7ms)[0m  [1m[36mcommit transaction[0m
D, [2019-08-12T12:33:51.663299 #71235] DEBUG -- :   [1m[36mActiveRecord::InternalMetadata Load (0.1ms)[0m  [1m[34mSELECT  "ar_internal_metadata".* FROM "ar_internal_metadata" WHERE "ar_internal_metadata"."key" = ? LIMIT ?[0m  [["key", "environment"], ["LIMIT", 1]]
D, [2019-08-12T12:33:51.666150 #71235] DEBUG -- :   [1m[35m (0.0ms)[0m  [1m[36mbegin transaction[0m
D, [2019-08-12T12:33:51.666861 #71235] DEBUG -- :   [1m[36mActiveRecord::InternalMetadata Create (0.2ms)[0m  [1m[32mINSERT INTO "ar_internal_metadata" ("key", "value", "created_at", "updated_at") VALUES (?, ?, ?, ?)[0m  [["key", "environment"], ["value", "production"], ["created_at", "2019-08-12 19:33:51.666299"], ["updated_at", "2019-08-12 19:33:51.666299"]]
D, [2019-08-12T12:33:51.667647 #71235] DEBUG -- :   [1m[35m (0.7ms)[0m  [1m[36mcommit transaction[0m
